Flow report for DE2_115_NIOS_DEVICE_LED
Mon Apr 24 15:22:54 2017
Quartus II 64-Bit Version 13.1.0 Build 162 10/23/2013 SJ Full Version


---------------------
; Table of Contents ;
---------------------
  1. Legal Notice
  2. Flow Summary
  3. Flow Settings
  4. Flow Non-Default Global Settings
  5. Flow Elapsed Time
  6. Flow OS Summary
  7. Flow Log
  8. Flow Messages
  9. Flow Suppressed Messages



----------------
; Legal Notice ;
----------------
Copyright (C) 1991-2013 Altera Corporation
Your use of Altera Corporation's design tools, logic functions 
and other software and tools, and its AMPP partner logic 
functions, and any output files from any of the foregoing 
(including device programming or simulation files), and any 
associated documentation or information are expressly subject 
to the terms and conditions of the Altera Program License 
Subscription Agreement, Altera MegaCore Function License 
Agreement, or other applicable license agreement, including, 
without limitation, that your use is for the sole purpose of 
programming logic devices manufactured by Altera and sold by 
Altera or its authorized distributors.  Please refer to the 
applicable agreement for further details.



+----------------------------------------------------------------------------------+
; Flow Summary                                                                     ;
+------------------------------------+---------------------------------------------+
; Flow Status                        ; Successful - Mon Apr 24 15:22:24 2017       ;
; Quartus II 64-Bit Version          ; 13.1.0 Build 162 10/23/2013 SJ Full Version ;
; Revision Name                      ; DE2_115_NIOS_DEVICE_LED                     ;
; Top-level Entity Name              ; DE2_115_NIOS_DEVICE_LED                     ;
; Family                             ; Cyclone IV E                                ;
; Device                             ; EP4CE115F29C7                               ;
; Timing Models                      ; Final                                       ;
; Total logic elements               ; 37,081 / 114,480 ( 32 % )                   ;
;     Total combinational functions  ; 29,171 / 114,480 ( 25 % )                   ;
;     Dedicated logic registers      ; 22,849 / 114,480 ( 20 % )                   ;
; Total registers                    ; 22978                                       ;
; Total pins                         ; 525 / 529 ( 99 % )                          ;
; Total virtual pins                 ; 0                                           ;
; Total memory bits                  ; 1,319,083 / 3,981,312 ( 33 % )              ;
; Embedded Multiplier 9-bit elements ; 4 / 532 ( < 1 % )                           ;
; Total PLLs                         ; 2 / 4 ( 50 % )                              ;
+------------------------------------+---------------------------------------------+


+---------------------------------------------+
; Flow Settings                               ;
+-------------------+-------------------------+
; Option            ; Setting                 ;
+-------------------+-------------------------+
; Start date & time ; 04/24/2017 15:13:29     ;
; Main task         ; Compilation             ;
; Revision Name     ; DE2_115_NIOS_DEVICE_LED ;
+-------------------+-------------------------+


+----------------------------------------------------------------------------------------------------------------------------------------------------------------------------------------------------------------------------------------+
; Flow Non-Default Global Settings                                                                                                                                                                                                       ;
+-------------------------------------+---------------------------------------------------------------------------------------------------------+---------------+-----------------------------------------------------------+------------+
; Assignment Name                     ; Value                                                                                                   ; Default Value ; Entity Name                                               ; Section Id ;
+-------------------------------------+---------------------------------------------------------------------------------------------------------+---------------+-----------------------------------------------------------+------------+
; COMPILER_SIGNATURE_ID               ; 109952947944509.149301440807648                                                                         ; --            ; --                                                        ; --         ;
; IP_TOOL_ENV                         ; Qsys                                                                                                    ; --            ; DE2_115_SOPC                                              ; --         ;
; IP_TOOL_ENV                         ; Qsys                                                                                                    ; --            ; DE2_115_SOPC_avalon_st_adapter                            ; --         ;
; IP_TOOL_ENV                         ; Qsys                                                                                                    ; --            ; DE2_115_SOPC_avalon_st_adapter_timing_adapter_0           ; --         ;
; IP_TOOL_ENV                         ; Qsys                                                                                                    ; --            ; DE2_115_SOPC_cfi_flash                                    ; --         ;
; IP_TOOL_ENV                         ; Qsys                                                                                                    ; --            ; DE2_115_SOPC_cpu                                          ; --         ;
; IP_TOOL_ENV                         ; Qsys                                                                                                    ; --            ; DE2_115_SOPC_descriptor_memory                            ; --         ;
; IP_TOOL_ENV                         ; Qsys                                                                                                    ; --            ; DE2_115_SOPC_i2c_scl                                      ; --         ;
; IP_TOOL_ENV                         ; Qsys                                                                                                    ; --            ; DE2_115_SOPC_i2c_sda                                      ; --         ;
; IP_TOOL_ENV                         ; Qsys                                                                                                    ; --            ; DE2_115_SOPC_ir                                           ; --         ;
; IP_TOOL_ENV                         ; Qsys                                                                                                    ; --            ; DE2_115_SOPC_irq_mapper                                   ; --         ;
; IP_TOOL_ENV                         ; Qsys                                                                                                    ; --            ; DE2_115_SOPC_jtag_uart                                    ; --         ;
; IP_TOOL_ENV                         ; Qsys                                                                                                    ; --            ; DE2_115_SOPC_key                                          ; --         ;
; IP_TOOL_ENV                         ; Qsys                                                                                                    ; --            ; DE2_115_SOPC_lcd                                          ; --         ;
; IP_TOOL_ENV                         ; Qsys                                                                                                    ; --            ; DE2_115_SOPC_ledg                                         ; --         ;
; IP_TOOL_ENV                         ; Qsys                                                                                                    ; --            ; DE2_115_SOPC_ledr                                         ; --         ;
; IP_TOOL_ENV                         ; Qsys                                                                                                    ; --            ; DE2_115_SOPC_mm_interconnect_0                            ; --         ;
; IP_TOOL_ENV                         ; Qsys                                                                                                    ; --            ; DE2_115_SOPC_mm_interconnect_0_addr_router                ; --         ;
; IP_TOOL_ENV                         ; Qsys                                                                                                    ; --            ; DE2_115_SOPC_mm_interconnect_0_addr_router_001            ; --         ;
; IP_TOOL_ENV                         ; Qsys                                                                                                    ; --            ; DE2_115_SOPC_mm_interconnect_0_addr_router_002            ; --         ;
; IP_TOOL_ENV                         ; Qsys                                                                                                    ; --            ; DE2_115_SOPC_mm_interconnect_0_addr_router_006            ; --         ;
; IP_TOOL_ENV                         ; Qsys                                                                                                    ; --            ; DE2_115_SOPC_mm_interconnect_0_cmd_xbar_demux             ; --         ;
; IP_TOOL_ENV                         ; Qsys                                                                                                    ; --            ; DE2_115_SOPC_mm_interconnect_0_cmd_xbar_demux_001         ; --         ;
; IP_TOOL_ENV                         ; Qsys                                                                                                    ; --            ; DE2_115_SOPC_mm_interconnect_0_cmd_xbar_demux_002         ; --         ;
; IP_TOOL_ENV                         ; Qsys                                                                                                    ; --            ; DE2_115_SOPC_mm_interconnect_0_cmd_xbar_mux               ; --         ;
; IP_TOOL_ENV                         ; Qsys                                                                                                    ; --            ; DE2_115_SOPC_mm_interconnect_0_cmd_xbar_mux_001           ; --         ;
; IP_TOOL_ENV                         ; Qsys                                                                                                    ; --            ; DE2_115_SOPC_mm_interconnect_0_cmd_xbar_mux_005           ; --         ;
; IP_TOOL_ENV                         ; Qsys                                                                                                    ; --            ; DE2_115_SOPC_mm_interconnect_0_cmd_xbar_mux_011           ; --         ;
; IP_TOOL_ENV                         ; Qsys                                                                                                    ; --            ; DE2_115_SOPC_mm_interconnect_0_cmd_xbar_mux_018           ; --         ;
; IP_TOOL_ENV                         ; Qsys                                                                                                    ; --            ; DE2_115_SOPC_mm_interconnect_0_id_router                  ; --         ;
; IP_TOOL_ENV                         ; Qsys                                                                                                    ; --            ; DE2_115_SOPC_mm_interconnect_0_id_router_001              ; --         ;
; IP_TOOL_ENV                         ; Qsys                                                                                                    ; --            ; DE2_115_SOPC_mm_interconnect_0_id_router_002              ; --         ;
; IP_TOOL_ENV                         ; Qsys                                                                                                    ; --            ; DE2_115_SOPC_mm_interconnect_0_id_router_004              ; --         ;
; IP_TOOL_ENV                         ; Qsys                                                                                                    ; --            ; DE2_115_SOPC_mm_interconnect_0_id_router_005              ; --         ;
; IP_TOOL_ENV                         ; Qsys                                                                                                    ; --            ; DE2_115_SOPC_mm_interconnect_0_id_router_011              ; --         ;
; IP_TOOL_ENV                         ; Qsys                                                                                                    ; --            ; DE2_115_SOPC_mm_interconnect_0_id_router_018              ; --         ;
; IP_TOOL_ENV                         ; Qsys                                                                                                    ; --            ; DE2_115_SOPC_mm_interconnect_0_rsp_xbar_demux             ; --         ;
; IP_TOOL_ENV                         ; Qsys                                                                                                    ; --            ; DE2_115_SOPC_mm_interconnect_0_rsp_xbar_demux_001         ; --         ;
; IP_TOOL_ENV                         ; Qsys                                                                                                    ; --            ; DE2_115_SOPC_mm_interconnect_0_rsp_xbar_demux_011         ; --         ;
; IP_TOOL_ENV                         ; Qsys                                                                                                    ; --            ; DE2_115_SOPC_mm_interconnect_0_rsp_xbar_demux_018         ; --         ;
; IP_TOOL_ENV                         ; Qsys                                                                                                    ; --            ; DE2_115_SOPC_mm_interconnect_0_rsp_xbar_mux               ; --         ;
; IP_TOOL_ENV                         ; Qsys                                                                                                    ; --            ; DE2_115_SOPC_mm_interconnect_0_rsp_xbar_mux_001           ; --         ;
; IP_TOOL_ENV                         ; Qsys                                                                                                    ; --            ; DE2_115_SOPC_mm_interconnect_0_rsp_xbar_mux_002           ; --         ;
; IP_TOOL_ENV                         ; Qsys                                                                                                    ; --            ; DE2_115_SOPC_mm_interconnect_1                            ; --         ;
; IP_TOOL_ENV                         ; Qsys                                                                                                    ; --            ; DE2_115_SOPC_mm_interconnect_1_addr_router                ; --         ;
; IP_TOOL_ENV                         ; Qsys                                                                                                    ; --            ; DE2_115_SOPC_mm_interconnect_1_cmd_xbar_demux             ; --         ;
; IP_TOOL_ENV                         ; Qsys                                                                                                    ; --            ; DE2_115_SOPC_mm_interconnect_1_cmd_xbar_mux               ; --         ;
; IP_TOOL_ENV                         ; Qsys                                                                                                    ; --            ; DE2_115_SOPC_mm_interconnect_1_cmd_xbar_mux_036           ; --         ;
; IP_TOOL_ENV                         ; Qsys                                                                                                    ; --            ; DE2_115_SOPC_mm_interconnect_1_id_router                  ; --         ;
; IP_TOOL_ENV                         ; Qsys                                                                                                    ; --            ; DE2_115_SOPC_mm_interconnect_1_id_router_036              ; --         ;
; IP_TOOL_ENV                         ; Qsys                                                                                                    ; --            ; DE2_115_SOPC_mm_interconnect_1_rsp_xbar_demux             ; --         ;
; IP_TOOL_ENV                         ; Qsys                                                                                                    ; --            ; DE2_115_SOPC_mm_interconnect_1_rsp_xbar_demux_036         ; --         ;
; IP_TOOL_ENV                         ; Qsys                                                                                                    ; --            ; DE2_115_SOPC_mm_interconnect_1_rsp_xbar_mux               ; --         ;
; IP_TOOL_ENV                         ; Qsys                                                                                                    ; --            ; DE2_115_SOPC_onchip_memory2                               ; --         ;
; IP_TOOL_ENV                         ; Qsys                                                                                                    ; --            ; DE2_115_SOPC_pll                                          ; --         ;
; IP_TOOL_ENV                         ; Qsys                                                                                                    ; --            ; DE2_115_SOPC_rs232                                        ; --         ;
; IP_TOOL_ENV                         ; Qsys                                                                                                    ; --            ; DE2_115_SOPC_sd_dat                                       ; --         ;
; IP_TOOL_ENV                         ; Qsys                                                                                                    ; --            ; DE2_115_SOPC_sdram                                        ; --         ;
; IP_TOOL_ENV                         ; Qsys                                                                                                    ; --            ; DE2_115_SOPC_sgdma_rx                                     ; --         ;
; IP_TOOL_ENV                         ; Qsys                                                                                                    ; --            ; DE2_115_SOPC_sgdma_tx                                     ; --         ;
; IP_TOOL_ENV                         ; Qsys                                                                                                    ; --            ; DE2_115_SOPC_sma_in                                       ; --         ;
; IP_TOOL_ENV                         ; Qsys                                                                                                    ; --            ; DE2_115_SOPC_sma_out                                      ; --         ;
; IP_TOOL_ENV                         ; Qsys                                                                                                    ; --            ; DE2_115_SOPC_sw                                           ; --         ;
; IP_TOOL_ENV                         ; Qsys                                                                                                    ; --            ; DE2_115_SOPC_sys_clk_timer                                ; --         ;
; IP_TOOL_ENV                         ; Qsys                                                                                                    ; --            ; DE2_115_SOPC_sysid                                        ; --         ;
; IP_TOOL_ENV                         ; Qsys                                                                                                    ; --            ; DE2_115_SOPC_tristate_conduit_bridge_flash                ; --         ;
; IP_TOOL_ENV                         ; Qsys                                                                                                    ; --            ; DE2_115_SOPC_tristate_conduit_pin_sharer_flash            ; --         ;
; IP_TOOL_ENV                         ; Qsys                                                                                                    ; --            ; DE2_115_SOPC_tristate_conduit_pin_sharer_flash_arbiter    ; --         ;
; IP_TOOL_ENV                         ; Qsys                                                                                                    ; --            ; DE2_115_SOPC_tristate_conduit_pin_sharer_flash_pin_sharer ; --         ;
; IP_TOOL_ENV                         ; Qsys                                                                                                    ; --            ; DE2_115_SOPC_tse                                          ; --         ;
; IP_TOOL_ENV                         ; Qsys                                                                                                    ; --            ; DE2_115_SOPC_uart_0                                       ; --         ;
; IP_TOOL_ENV                         ; Qsys                                                                                                    ; --            ; DE2_115_SOPC_vic_0                                        ; --         ;
; IP_TOOL_ENV                         ; Qsys                                                                                                    ; --            ; altera_avalon_mm_clock_crossing_bridge                    ; --         ;
; IP_TOOL_ENV                         ; Qsys                                                                                                    ; --            ; altera_avalon_sc_fifo                                     ; --         ;
; IP_TOOL_ENV                         ; Qsys                                                                                                    ; --            ; altera_avalon_st_handshake_clock_crosser                  ; --         ;
; IP_TOOL_ENV                         ; Qsys                                                                                                    ; --            ; altera_eth_tse_mac                                        ; --         ;
; IP_TOOL_ENV                         ; Qsys                                                                                                    ; --            ; altera_irq_clock_crosser                                  ; --         ;
; IP_TOOL_ENV                         ; Qsys                                                                                                    ; --            ; altera_merlin_burst_adapter                               ; --         ;
; IP_TOOL_ENV                         ; Qsys                                                                                                    ; --            ; altera_merlin_master_agent                                ; --         ;
; IP_TOOL_ENV                         ; Qsys                                                                                                    ; --            ; altera_merlin_master_translator                           ; --         ;
; IP_TOOL_ENV                         ; Qsys                                                                                                    ; --            ; altera_merlin_slave_agent                                 ; --         ;
; IP_TOOL_ENV                         ; Qsys                                                                                                    ; --            ; altera_merlin_slave_translator                            ; --         ;
; IP_TOOL_ENV                         ; Qsys                                                                                                    ; --            ; altera_merlin_traffic_limiter                             ; --         ;
; IP_TOOL_ENV                         ; Qsys                                                                                                    ; --            ; altera_merlin_width_adapter                               ; --         ;
; IP_TOOL_ENV                         ; Qsys                                                                                                    ; --            ; altera_reset_controller                                   ; --         ;
; IP_TOOL_ENV                         ; Qsys                                                                                                    ; --            ; altera_tristate_controller_aggregator                     ; --         ;
; IP_TOOL_ENV                         ; Qsys                                                                                                    ; --            ; altera_tristate_controller_translator                     ; --         ;
; IP_TOOL_ENV                         ; Qsys                                                                                                    ; --            ; altera_vic_csr                                            ; --         ;
; IP_TOOL_ENV                         ; Qsys                                                                                                    ; --            ; altera_vic_priority                                       ; --         ;
; IP_TOOL_ENV                         ; Qsys                                                                                                    ; --            ; altera_vic_vector                                         ; --         ;
; IP_TOOL_NAME                        ; ALTPLL                                                                                                  ; --            ; --                                                        ; --         ;
; IP_TOOL_NAME                        ; ALTDDIO_OUT                                                                                             ; --            ; --                                                        ; --         ;
; IP_TOOL_NAME                        ; Qsys                                                                                                    ; --            ; DE2_115_SOPC                                              ; --         ;
; IP_TOOL_NAME                        ; altera_avalon_st_adapter                                                                                ; --            ; DE2_115_SOPC_avalon_st_adapter                            ; --         ;
; IP_TOOL_NAME                        ; timing_adapter                                                                                          ; --            ; DE2_115_SOPC_avalon_st_adapter_timing_adapter_0           ; --         ;
; IP_TOOL_NAME                        ; altera_generic_tristate_controller                                                                      ; --            ; DE2_115_SOPC_cfi_flash                                    ; --         ;
; IP_TOOL_NAME                        ; altera_nios2_qsys                                                                                       ; --            ; DE2_115_SOPC_cpu                                          ; --         ;
; IP_TOOL_NAME                        ; altera_avalon_onchip_memory2                                                                            ; --            ; DE2_115_SOPC_descriptor_memory                            ; --         ;
; IP_TOOL_NAME                        ; altera_avalon_pio                                                                                       ; --            ; DE2_115_SOPC_i2c_scl                                      ; --         ;
; IP_TOOL_NAME                        ; altera_avalon_pio                                                                                       ; --            ; DE2_115_SOPC_i2c_sda                                      ; --         ;
; IP_TOOL_NAME                        ; altera_avalon_pio                                                                                       ; --            ; DE2_115_SOPC_ir                                           ; --         ;
; IP_TOOL_NAME                        ; altera_irq_mapper                                                                                       ; --            ; DE2_115_SOPC_irq_mapper                                   ; --         ;
; IP_TOOL_NAME                        ; altera_avalon_jtag_uart                                                                                 ; --            ; DE2_115_SOPC_jtag_uart                                    ; --         ;
; IP_TOOL_NAME                        ; altera_avalon_pio                                                                                       ; --            ; DE2_115_SOPC_key                                          ; --         ;
; IP_TOOL_NAME                        ; altera_avalon_lcd_16207                                                                                 ; --            ; DE2_115_SOPC_lcd                                          ; --         ;
; IP_TOOL_NAME                        ; altera_avalon_pio                                                                                       ; --            ; DE2_115_SOPC_ledg                                         ; --         ;
; IP_TOOL_NAME                        ; altera_avalon_pio                                                                                       ; --            ; DE2_115_SOPC_ledr                                         ; --         ;
; IP_TOOL_NAME                        ; altera_merlin_interconnect_wrapper                                                                      ; --            ; DE2_115_SOPC_mm_interconnect_0                            ; --         ;
; IP_TOOL_NAME                        ; altera_merlin_router                                                                                    ; --            ; DE2_115_SOPC_mm_interconnect_0_addr_router                ; --         ;
; IP_TOOL_NAME                        ; altera_merlin_router                                                                                    ; --            ; DE2_115_SOPC_mm_interconnect_0_addr_router_001            ; --         ;
; IP_TOOL_NAME                        ; altera_merlin_router                                                                                    ; --            ; DE2_115_SOPC_mm_interconnect_0_addr_router_002            ; --         ;
; IP_TOOL_NAME                        ; altera_merlin_router                                                                                    ; --            ; DE2_115_SOPC_mm_interconnect_0_addr_router_006            ; --         ;
; IP_TOOL_NAME                        ; altera_merlin_demultiplexer                                                                             ; --            ; DE2_115_SOPC_mm_interconnect_0_cmd_xbar_demux             ; --         ;
; IP_TOOL_NAME                        ; altera_merlin_demultiplexer                                                                             ; --            ; DE2_115_SOPC_mm_interconnect_0_cmd_xbar_demux_001         ; --         ;
; IP_TOOL_NAME                        ; altera_merlin_demultiplexer                                                                             ; --            ; DE2_115_SOPC_mm_interconnect_0_cmd_xbar_demux_002         ; --         ;
; IP_TOOL_NAME                        ; altera_merlin_multiplexer                                                                               ; --            ; DE2_115_SOPC_mm_interconnect_0_cmd_xbar_mux               ; --         ;
; IP_TOOL_NAME                        ; altera_merlin_multiplexer                                                                               ; --            ; DE2_115_SOPC_mm_interconnect_0_cmd_xbar_mux_001           ; --         ;
; IP_TOOL_NAME                        ; altera_merlin_multiplexer                                                                               ; --            ; DE2_115_SOPC_mm_interconnect_0_cmd_xbar_mux_005           ; --         ;
; IP_TOOL_NAME                        ; altera_merlin_multiplexer                                                                               ; --            ; DE2_115_SOPC_mm_interconnect_0_cmd_xbar_mux_011           ; --         ;
; IP_TOOL_NAME                        ; altera_merlin_multiplexer                                                                               ; --            ; DE2_115_SOPC_mm_interconnect_0_cmd_xbar_mux_018           ; --         ;
; IP_TOOL_NAME                        ; altera_merlin_router                                                                                    ; --            ; DE2_115_SOPC_mm_interconnect_0_id_router                  ; --         ;
; IP_TOOL_NAME                        ; altera_merlin_router                                                                                    ; --            ; DE2_115_SOPC_mm_interconnect_0_id_router_001              ; --         ;
; IP_TOOL_NAME                        ; altera_merlin_router                                                                                    ; --            ; DE2_115_SOPC_mm_interconnect_0_id_router_002              ; --         ;
; IP_TOOL_NAME                        ; altera_merlin_router                                                                                    ; --            ; DE2_115_SOPC_mm_interconnect_0_id_router_004              ; --         ;
; IP_TOOL_NAME                        ; altera_merlin_router                                                                                    ; --            ; DE2_115_SOPC_mm_interconnect_0_id_router_005              ; --         ;
; IP_TOOL_NAME                        ; altera_merlin_router                                                                                    ; --            ; DE2_115_SOPC_mm_interconnect_0_id_router_011              ; --         ;
; IP_TOOL_NAME                        ; altera_merlin_router                                                                                    ; --            ; DE2_115_SOPC_mm_interconnect_0_id_router_018              ; --         ;
; IP_TOOL_NAME                        ; altera_merlin_demultiplexer                                                                             ; --            ; DE2_115_SOPC_mm_interconnect_0_rsp_xbar_demux             ; --         ;
; IP_TOOL_NAME                        ; altera_merlin_demultiplexer                                                                             ; --            ; DE2_115_SOPC_mm_interconnect_0_rsp_xbar_demux_001         ; --         ;
; IP_TOOL_NAME                        ; altera_merlin_demultiplexer                                                                             ; --            ; DE2_115_SOPC_mm_interconnect_0_rsp_xbar_demux_011         ; --         ;
; IP_TOOL_NAME                        ; altera_merlin_demultiplexer                                                                             ; --            ; DE2_115_SOPC_mm_interconnect_0_rsp_xbar_demux_018         ; --         ;
; IP_TOOL_NAME                        ; altera_merlin_multiplexer                                                                               ; --            ; DE2_115_SOPC_mm_interconnect_0_rsp_xbar_mux               ; --         ;
; IP_TOOL_NAME                        ; altera_merlin_multiplexer                                                                               ; --            ; DE2_115_SOPC_mm_interconnect_0_rsp_xbar_mux_001           ; --         ;
; IP_TOOL_NAME                        ; altera_merlin_multiplexer                                                                               ; --            ; DE2_115_SOPC_mm_interconnect_0_rsp_xbar_mux_002           ; --         ;
; IP_TOOL_NAME                        ; altera_merlin_interconnect_wrapper                                                                      ; --            ; DE2_115_SOPC_mm_interconnect_1                            ; --         ;
; IP_TOOL_NAME                        ; altera_merlin_router                                                                                    ; --            ; DE2_115_SOPC_mm_interconnect_1_addr_router                ; --         ;
; IP_TOOL_NAME                        ; altera_merlin_demultiplexer                                                                             ; --            ; DE2_115_SOPC_mm_interconnect_1_cmd_xbar_demux             ; --         ;
; IP_TOOL_NAME                        ; altera_merlin_multiplexer                                                                               ; --            ; DE2_115_SOPC_mm_interconnect_1_cmd_xbar_mux               ; --         ;
; IP_TOOL_NAME                        ; altera_merlin_multiplexer                                                                               ; --            ; DE2_115_SOPC_mm_interconnect_1_cmd_xbar_mux_036           ; --         ;
; IP_TOOL_NAME                        ; altera_merlin_router                                                                                    ; --            ; DE2_115_SOPC_mm_interconnect_1_id_router                  ; --         ;
; IP_TOOL_NAME                        ; altera_merlin_router                                                                                    ; --            ; DE2_115_SOPC_mm_interconnect_1_id_router_036              ; --         ;
; IP_TOOL_NAME                        ; altera_merlin_demultiplexer                                                                             ; --            ; DE2_115_SOPC_mm_interconnect_1_rsp_xbar_demux             ; --         ;
; IP_TOOL_NAME                        ; altera_merlin_demultiplexer                                                                             ; --            ; DE2_115_SOPC_mm_interconnect_1_rsp_xbar_demux_036         ; --         ;
; IP_TOOL_NAME                        ; altera_merlin_multiplexer                                                                               ; --            ; DE2_115_SOPC_mm_interconnect_1_rsp_xbar_mux               ; --         ;
; IP_TOOL_NAME                        ; altera_avalon_onchip_memory2                                                                            ; --            ; DE2_115_SOPC_onchip_memory2                               ; --         ;
; IP_TOOL_NAME                        ; altpll                                                                                                  ; --            ; DE2_115_SOPC_pll                                          ; --         ;
; IP_TOOL_NAME                        ; altera_avalon_uart                                                                                      ; --            ; DE2_115_SOPC_rs232                                        ; --         ;
; IP_TOOL_NAME                        ; altera_avalon_pio                                                                                       ; --            ; DE2_115_SOPC_sd_dat                                       ; --         ;
; IP_TOOL_NAME                        ; altera_avalon_new_sdram_controller                                                                      ; --            ; DE2_115_SOPC_sdram                                        ; --         ;
; IP_TOOL_NAME                        ; altera_avalon_sgdma                                                                                     ; --            ; DE2_115_SOPC_sgdma_rx                                     ; --         ;
; IP_TOOL_NAME                        ; altera_avalon_sgdma                                                                                     ; --            ; DE2_115_SOPC_sgdma_tx                                     ; --         ;
; IP_TOOL_NAME                        ; altera_avalon_pio                                                                                       ; --            ; DE2_115_SOPC_sma_in                                       ; --         ;
; IP_TOOL_NAME                        ; altera_avalon_pio                                                                                       ; --            ; DE2_115_SOPC_sma_out                                      ; --         ;
; IP_TOOL_NAME                        ; altera_avalon_pio                                                                                       ; --            ; DE2_115_SOPC_sw                                           ; --         ;
; IP_TOOL_NAME                        ; altera_avalon_timer                                                                                     ; --            ; DE2_115_SOPC_sys_clk_timer                                ; --         ;
; IP_TOOL_NAME                        ; altera_avalon_sysid_qsys                                                                                ; --            ; DE2_115_SOPC_sysid                                        ; --         ;
; IP_TOOL_NAME                        ; altera_tristate_conduit_bridge                                                                          ; --            ; DE2_115_SOPC_tristate_conduit_bridge_flash                ; --         ;
; IP_TOOL_NAME                        ; altera_tristate_conduit_pin_sharer                                                                      ; --            ; DE2_115_SOPC_tristate_conduit_pin_sharer_flash            ; --         ;
; IP_TOOL_NAME                        ; altera_merlin_std_arbitrator                                                                            ; --            ; DE2_115_SOPC_tristate_conduit_pin_sharer_flash_arbiter    ; --         ;
; IP_TOOL_NAME                        ; altera_tristate_conduit_pin_sharer_core                                                                 ; --            ; DE2_115_SOPC_tristate_conduit_pin_sharer_flash_pin_sharer ; --         ;
; IP_TOOL_NAME                        ; altera_eth_tse                                                                                          ; --            ; DE2_115_SOPC_tse                                          ; --         ;
; IP_TOOL_NAME                        ; altera_avalon_uart                                                                                      ; --            ; DE2_115_SOPC_uart_0                                       ; --         ;
; IP_TOOL_NAME                        ; altera_vic                                                                                              ; --            ; DE2_115_SOPC_vic_0                                        ; --         ;
; IP_TOOL_NAME                        ; altera_avalon_mm_clock_crossing_bridge                                                                  ; --            ; altera_avalon_mm_clock_crossing_bridge                    ; --         ;
; IP_TOOL_NAME                        ; altera_avalon_sc_fifo                                                                                   ; --            ; altera_avalon_sc_fifo                                     ; --         ;
; IP_TOOL_NAME                        ; altera_avalon_st_handshake_clock_crosser                                                                ; --            ; altera_avalon_st_handshake_clock_crosser                  ; --         ;
; IP_TOOL_NAME                        ; altera_eth_tse_mac                                                                                      ; --            ; altera_eth_tse_mac                                        ; --         ;
; IP_TOOL_NAME                        ; altera_irq_clock_crosser                                                                                ; --            ; altera_irq_clock_crosser                                  ; --         ;
; IP_TOOL_NAME                        ; altera_merlin_burst_adapter                                                                             ; --            ; altera_merlin_burst_adapter                               ; --         ;
; IP_TOOL_NAME                        ; altera_merlin_master_agent                                                                              ; --            ; altera_merlin_master_agent                                ; --         ;
; IP_TOOL_NAME                        ; altera_merlin_master_translator                                                                         ; --            ; altera_merlin_master_translator                           ; --         ;
; IP_TOOL_NAME                        ; altera_merlin_slave_agent                                                                               ; --            ; altera_merlin_slave_agent                                 ; --         ;
; IP_TOOL_NAME                        ; altera_merlin_slave_translator                                                                          ; --            ; altera_merlin_slave_translator                            ; --         ;
; IP_TOOL_NAME                        ; altera_merlin_traffic_limiter                                                                           ; --            ; altera_merlin_traffic_limiter                             ; --         ;
; IP_TOOL_NAME                        ; altera_merlin_width_adapter                                                                             ; --            ; altera_merlin_width_adapter                               ; --         ;
; IP_TOOL_NAME                        ; altera_reset_controller                                                                                 ; --            ; altera_reset_controller                                   ; --         ;
; IP_TOOL_NAME                        ; altera_tristate_controller_aggregator                                                                   ; --            ; altera_tristate_controller_aggregator                     ; --         ;
; IP_TOOL_NAME                        ; altera_tristate_controller_translator                                                                   ; --            ; altera_tristate_controller_translator                     ; --         ;
; IP_TOOL_NAME                        ; altera_vic_csr                                                                                          ; --            ; altera_vic_csr                                            ; --         ;
; IP_TOOL_NAME                        ; altera_vic_priority                                                                                     ; --            ; altera_vic_priority                                       ; --         ;
; IP_TOOL_NAME                        ; altera_vic_vector                                                                                       ; --            ; altera_vic_vector                                         ; --         ;
; IP_TOOL_VERSION                     ; 13.1                                                                                                    ; --            ; --                                                        ; --         ;
; IP_TOOL_VERSION                     ; 13.1                                                                                                    ; --            ; --                                                        ; --         ;
; IP_TOOL_VERSION                     ; 13.1                                                                                                    ; --            ; DE2_115_SOPC                                              ; --         ;
; IP_TOOL_VERSION                     ; 13.1                                                                                                    ; --            ; DE2_115_SOPC_avalon_st_adapter                            ; --         ;
; IP_TOOL_VERSION                     ; 13.1                                                                                                    ; --            ; DE2_115_SOPC_avalon_st_adapter_timing_adapter_0           ; --         ;
; IP_TOOL_VERSION                     ; 13.1                                                                                                    ; --            ; DE2_115_SOPC_cfi_flash                                    ; --         ;
; IP_TOOL_VERSION                     ; 13.1                                                                                                    ; --            ; DE2_115_SOPC_cpu                                          ; --         ;
; IP_TOOL_VERSION                     ; 13.1                                                                                                    ; --            ; DE2_115_SOPC_descriptor_memory                            ; --         ;
; IP_TOOL_VERSION                     ; 13.1                                                                                                    ; --            ; DE2_115_SOPC_i2c_scl                                      ; --         ;
; IP_TOOL_VERSION                     ; 13.1                                                                                                    ; --            ; DE2_115_SOPC_i2c_sda                                      ; --         ;
; IP_TOOL_VERSION                     ; 13.1                                                                                                    ; --            ; DE2_115_SOPC_ir                                           ; --         ;
; IP_TOOL_VERSION                     ; 13.1                                                                                                    ; --            ; DE2_115_SOPC_irq_mapper                                   ; --         ;
; IP_TOOL_VERSION                     ; 13.1                                                                                                    ; --            ; DE2_115_SOPC_jtag_uart                                    ; --         ;
; IP_TOOL_VERSION                     ; 13.1                                                                                                    ; --            ; DE2_115_SOPC_key                                          ; --         ;
; IP_TOOL_VERSION                     ; 13.1                                                                                                    ; --            ; DE2_115_SOPC_lcd                                          ; --         ;
; IP_TOOL_VERSION                     ; 13.1                                                                                                    ; --            ; DE2_115_SOPC_ledg                                         ; --         ;
; IP_TOOL_VERSION                     ; 13.1                                                                                                    ; --            ; DE2_115_SOPC_ledr                                         ; --         ;
; IP_TOOL_VERSION                     ; 13.1                                                                                                    ; --            ; DE2_115_SOPC_mm_interconnect_0                            ; --         ;
; IP_TOOL_VERSION                     ; 13.1                                                                                                    ; --            ; DE2_115_SOPC_mm_interconnect_0_addr_router                ; --         ;
; IP_TOOL_VERSION                     ; 13.1                                                                                                    ; --            ; DE2_115_SOPC_mm_interconnect_0_addr_router_001            ; --         ;
; IP_TOOL_VERSION                     ; 13.1                                                                                                    ; --            ; DE2_115_SOPC_mm_interconnect_0_addr_router_002            ; --         ;
; IP_TOOL_VERSION                     ; 13.1                                                                                                    ; --            ; DE2_115_SOPC_mm_interconnect_0_addr_router_006            ; --         ;
; IP_TOOL_VERSION                     ; 13.1                                                                                                    ; --            ; DE2_115_SOPC_mm_interconnect_0_cmd_xbar_demux             ; --         ;
; IP_TOOL_VERSION                     ; 13.1                                                                                                    ; --            ; DE2_115_SOPC_mm_interconnect_0_cmd_xbar_demux_001         ; --         ;
; IP_TOOL_VERSION                     ; 13.1                                                                                                    ; --            ; DE2_115_SOPC_mm_interconnect_0_cmd_xbar_demux_002         ; --         ;
; IP_TOOL_VERSION                     ; 13.1                                                                                                    ; --            ; DE2_115_SOPC_mm_interconnect_0_cmd_xbar_mux               ; --         ;
; IP_TOOL_VERSION                     ; 13.1                                                                                                    ; --            ; DE2_115_SOPC_mm_interconnect_0_cmd_xbar_mux_001           ; --         ;
; IP_TOOL_VERSION                     ; 13.1                                                                                                    ; --            ; DE2_115_SOPC_mm_interconnect_0_cmd_xbar_mux_005           ; --         ;
; IP_TOOL_VERSION                     ; 13.1                                                                                                    ; --            ; DE2_115_SOPC_mm_interconnect_0_cmd_xbar_mux_011           ; --         ;
; IP_TOOL_VERSION                     ; 13.1                                                                                                    ; --            ; DE2_115_SOPC_mm_interconnect_0_cmd_xbar_mux_018           ; --         ;
; IP_TOOL_VERSION                     ; 13.1                                                                                                    ; --            ; DE2_115_SOPC_mm_interconnect_0_id_router                  ; --         ;
; IP_TOOL_VERSION                     ; 13.1                                                                                                    ; --            ; DE2_115_SOPC_mm_interconnect_0_id_router_001              ; --         ;
; IP_TOOL_VERSION                     ; 13.1                                                                                                    ; --            ; DE2_115_SOPC_mm_interconnect_0_id_router_002              ; --         ;
; IP_TOOL_VERSION                     ; 13.1                                                                                                    ; --            ; DE2_115_SOPC_mm_interconnect_0_id_router_004              ; --         ;
; IP_TOOL_VERSION                     ; 13.1                                                                                                    ; --            ; DE2_115_SOPC_mm_interconnect_0_id_router_005              ; --         ;
; IP_TOOL_VERSION                     ; 13.1                                                                                                    ; --            ; DE2_115_SOPC_mm_interconnect_0_id_router_011              ; --         ;
; IP_TOOL_VERSION                     ; 13.1                                                                                                    ; --            ; DE2_115_SOPC_mm_interconnect_0_id_router_018              ; --         ;
; IP_TOOL_VERSION                     ; 13.1                                                                                                    ; --            ; DE2_115_SOPC_mm_interconnect_0_rsp_xbar_demux             ; --         ;
; IP_TOOL_VERSION                     ; 13.1                                                                                                    ; --            ; DE2_115_SOPC_mm_interconnect_0_rsp_xbar_demux_001         ; --         ;
; IP_TOOL_VERSION                     ; 13.1                                                                                                    ; --            ; DE2_115_SOPC_mm_interconnect_0_rsp_xbar_demux_011         ; --         ;
; IP_TOOL_VERSION                     ; 13.1                                                                                                    ; --            ; DE2_115_SOPC_mm_interconnect_0_rsp_xbar_demux_018         ; --         ;
; IP_TOOL_VERSION                     ; 13.1                                                                                                    ; --            ; DE2_115_SOPC_mm_interconnect_0_rsp_xbar_mux               ; --         ;
; IP_TOOL_VERSION                     ; 13.1                                                                                                    ; --            ; DE2_115_SOPC_mm_interconnect_0_rsp_xbar_mux_001           ; --         ;
; IP_TOOL_VERSION                     ; 13.1                                                                                                    ; --            ; DE2_115_SOPC_mm_interconnect_0_rsp_xbar_mux_002           ; --         ;
; IP_TOOL_VERSION                     ; 13.1                                                                                                    ; --            ; DE2_115_SOPC_mm_interconnect_1                            ; --         ;
; IP_TOOL_VERSION                     ; 13.1                                                                                                    ; --            ; DE2_115_SOPC_mm_interconnect_1_addr_router                ; --         ;
; IP_TOOL_VERSION                     ; 13.1                                                                                                    ; --            ; DE2_115_SOPC_mm_interconnect_1_cmd_xbar_demux             ; --         ;
; IP_TOOL_VERSION                     ; 13.1                                                                                                    ; --            ; DE2_115_SOPC_mm_interconnect_1_cmd_xbar_mux               ; --         ;
; IP_TOOL_VERSION                     ; 13.1                                                                                                    ; --            ; DE2_115_SOPC_mm_interconnect_1_cmd_xbar_mux_036           ; --         ;
; IP_TOOL_VERSION                     ; 13.1                                                                                                    ; --            ; DE2_115_SOPC_mm_interconnect_1_id_router                  ; --         ;
; IP_TOOL_VERSION                     ; 13.1                                                                                                    ; --            ; DE2_115_SOPC_mm_interconnect_1_id_router_036              ; --         ;
; IP_TOOL_VERSION                     ; 13.1                                                                                                    ; --            ; DE2_115_SOPC_mm_interconnect_1_rsp_xbar_demux             ; --         ;
; IP_TOOL_VERSION                     ; 13.1                                                                                                    ; --            ; DE2_115_SOPC_mm_interconnect_1_rsp_xbar_demux_036         ; --         ;
; IP_TOOL_VERSION                     ; 13.1                                                                                                    ; --            ; DE2_115_SOPC_mm_interconnect_1_rsp_xbar_mux               ; --         ;
; IP_TOOL_VERSION                     ; 13.1                                                                                                    ; --            ; DE2_115_SOPC_onchip_memory2                               ; --         ;
; IP_TOOL_VERSION                     ; 13.1                                                                                                    ; --            ; DE2_115_SOPC_pll                                          ; --         ;
; IP_TOOL_VERSION                     ; 13.1                                                                                                    ; --            ; DE2_115_SOPC_rs232                                        ; --         ;
; IP_TOOL_VERSION                     ; 13.1                                                                                                    ; --            ; DE2_115_SOPC_sd_dat                                       ; --         ;
; IP_TOOL_VERSION                     ; 13.1                                                                                                    ; --            ; DE2_115_SOPC_sdram                                        ; --         ;
; IP_TOOL_VERSION                     ; 13.1                                                                                                    ; --            ; DE2_115_SOPC_sgdma_rx                                     ; --         ;
; IP_TOOL_VERSION                     ; 13.1                                                                                                    ; --            ; DE2_115_SOPC_sgdma_tx                                     ; --         ;
; IP_TOOL_VERSION                     ; 13.1                                                                                                    ; --            ; DE2_115_SOPC_sma_in                                       ; --         ;
; IP_TOOL_VERSION                     ; 13.1                                                                                                    ; --            ; DE2_115_SOPC_sma_out                                      ; --         ;
; IP_TOOL_VERSION                     ; 13.1                                                                                                    ; --            ; DE2_115_SOPC_sw                                           ; --         ;
; IP_TOOL_VERSION                     ; 13.1                                                                                                    ; --            ; DE2_115_SOPC_sys_clk_timer                                ; --         ;
; IP_TOOL_VERSION                     ; 13.1                                                                                                    ; --            ; DE2_115_SOPC_sysid                                        ; --         ;
; IP_TOOL_VERSION                     ; 13.1                                                                                                    ; --            ; DE2_115_SOPC_tristate_conduit_bridge_flash                ; --         ;
; IP_TOOL_VERSION                     ; 13.1                                                                                                    ; --            ; DE2_115_SOPC_tristate_conduit_pin_sharer_flash            ; --         ;
; IP_TOOL_VERSION                     ; 13.1                                                                                                    ; --            ; DE2_115_SOPC_tristate_conduit_pin_sharer_flash_arbiter    ; --         ;
; IP_TOOL_VERSION                     ; 13.1                                                                                                    ; --            ; DE2_115_SOPC_tristate_conduit_pin_sharer_flash_pin_sharer ; --         ;
; IP_TOOL_VERSION                     ; 13.1                                                                                                    ; --            ; DE2_115_SOPC_tse                                          ; --         ;
; IP_TOOL_VERSION                     ; 13.1                                                                                                    ; --            ; DE2_115_SOPC_uart_0                                       ; --         ;
; IP_TOOL_VERSION                     ; 13.1                                                                                                    ; --            ; DE2_115_SOPC_vic_0                                        ; --         ;
; IP_TOOL_VERSION                     ; 13.1                                                                                                    ; --            ; altera_avalon_mm_clock_crossing_bridge                    ; --         ;
; IP_TOOL_VERSION                     ; 13.1                                                                                                    ; --            ; altera_avalon_sc_fifo                                     ; --         ;
; IP_TOOL_VERSION                     ; 13.1                                                                                                    ; --            ; altera_avalon_st_handshake_clock_crosser                  ; --         ;
; IP_TOOL_VERSION                     ; 13.1                                                                                                    ; --            ; altera_eth_tse_mac                                        ; --         ;
; IP_TOOL_VERSION                     ; 13.1                                                                                                    ; --            ; altera_irq_clock_crosser                                  ; --         ;
; IP_TOOL_VERSION                     ; 13.1                                                                                                    ; --            ; altera_merlin_burst_adapter                               ; --         ;
; IP_TOOL_VERSION                     ; 13.1                                                                                                    ; --            ; altera_merlin_master_agent                                ; --         ;
; IP_TOOL_VERSION                     ; 13.1                                                                                                    ; --            ; altera_merlin_master_translator                           ; --         ;
; IP_TOOL_VERSION                     ; 13.1                                                                                                    ; --            ; altera_merlin_slave_agent                                 ; --         ;
; IP_TOOL_VERSION                     ; 13.1                                                                                                    ; --            ; altera_merlin_slave_translator                            ; --         ;
; IP_TOOL_VERSION                     ; 13.1                                                                                                    ; --            ; altera_merlin_traffic_limiter                             ; --         ;
; IP_TOOL_VERSION                     ; 13.1                                                                                                    ; --            ; altera_merlin_width_adapter                               ; --         ;
; IP_TOOL_VERSION                     ; 13.1                                                                                                    ; --            ; altera_reset_controller                                   ; --         ;
; IP_TOOL_VERSION                     ; 13.1                                                                                                    ; --            ; altera_tristate_controller_aggregator                     ; --         ;
; IP_TOOL_VERSION                     ; 13.1                                                                                                    ; --            ; altera_tristate_controller_translator                     ; --         ;
; IP_TOOL_VERSION                     ; 13.1                                                                                                    ; --            ; altera_vic_csr                                            ; --         ;
; IP_TOOL_VERSION                     ; 13.1                                                                                                    ; --            ; altera_vic_priority                                       ; --         ;
; IP_TOOL_VERSION                     ; 13.1                                                                                                    ; --            ; altera_vic_vector                                         ; --         ;
; MAX_CORE_JUNCTION_TEMP              ; 85                                                                                                      ; --            ; --                                                        ; --         ;
; MIN_CORE_JUNCTION_TEMP              ; 0                                                                                                       ; --            ; --                                                        ; --         ;
; MISC_FILE                           ; D:/svn/de2_115_golden_sopc/de2_115_golden_sopc.dpf                                                      ; --            ; --                                                        ; --         ;
; MISC_FILE                           ; D:/Document/de2c4/de2_115_golden_sopc/de2_115_golden_sopc.dpf                                           ; --            ; --                                                        ; --         ;
; MISC_FILE                           ; D:/Projects/DE2C4/trunk/test/de2_115_golden_sopc/de2_115_golden_sopc.dpf                                ; --            ; --                                                        ; --         ;
; MISC_FILE                           ; D:/TRAINING/ASSIGMENT/de2_115_demo/de2_115_golden_sopc/de2_115_golden_sopc.dpf                          ; --            ; --                                                        ; --         ;
; MISC_FILE                           ; D:/TRAINING/ASSIGMENT/de2_115_demo/DE2_115_NIOS_DEVICE_LED/de2_115_golden_sopc.dpf                      ; --            ; --                                                        ; --         ;
; MISC_FILE                           ; E:/DE2_115/trunk/ref_design/DE2_115_NIOS_DEVICE_LED/DE2_115_NIOS_DEVICE_LED.dpf                         ; --            ; --                                                        ; --         ;
; MISC_FILE                           ; E:/DE2_115_NEW/trunk/ref_design/DE2_115_NIOS_DEVICE_LED/DE2_115_NIOS_DEVICE_LED.dpf                     ; --            ; --                                                        ; --         ;
; MISC_FILE                           ; C:/cygwin/home/hkawashi/svn/atk2-conso/trunk/HW_IP/de2-115_single_canc_test/DE2_115_NIOS_DEVICE_LED.dpf ; --            ; --                                                        ; --         ;
; MISC_FILE                           ; C:/work/atk2conso/nces_svn/trunk/HW_IP/de2-115_single_6_4/DE2_115_NIOS_DEVICE_LED.dpf                   ; --            ; --                                                        ; --         ;
; MISC_FILE                           ; DE2_115_SOPC/synthesis/../../DE2_115_SOPC.cmp                                                           ; --            ; --                                                        ; --         ;
; MISC_FILE                           ; DE2_115_SOPC/synthesis/../../DE2_115_SOPC.qsys                                                          ; --            ; --                                                        ; --         ;
; MISC_FILE                           ; tse_pll.ppf                                                                                             ; --            ; --                                                        ; --         ;
; MISC_FILE                           ; tse_ddio_out.ppf                                                                                        ; --            ; --                                                        ; --         ;
; NOMINAL_CORE_SUPPLY_VOLTAGE         ; 1.2V                                                                                                    ; --            ; --                                                        ; --         ;
; NUM_PARALLEL_PROCESSORS             ; 2                                                                                                       ; --            ; --                                                        ; --         ;
; PARTITION_COLOR                     ; 16764057                                                                                                ; --            ; --                                                        ; Top        ;
; PARTITION_FITTER_PRESERVATION_LEVEL ; PLACEMENT_AND_ROUTING                                                                                   ; --            ; --                                                        ; Top        ;
; PARTITION_NETLIST_TYPE              ; SOURCE                                                                                                  ; --            ; --                                                        ; Top        ;
; SEARCH_PATH                         ; ip/terasic_audio                                                                                        ; --            ; --                                                        ; --         ;
; SLD_FILE                            ; DE2_115_SOPC/synthesis/DE2_115_SOPC.regmap                                                              ; --            ; --                                                        ; --         ;
; SLD_FILE                            ; DE2_115_SOPC/synthesis/DE2_115_SOPC.debuginfo                                                           ; --            ; --                                                        ; --         ;
; SLD_INFO                            ; QSYS_NAME DE2_115_SOPC HAS_SOPCINFO 1 GENERATION_ID 1427328404                                          ; --            ; DE2_115_SOPC                                              ; --         ;
; SMART_RECOMPILE                     ; On                                                                                                      ; Off           ; --                                                        ; --         ;
; SOPCINFO_FILE                       ; DE2_115_SOPC/synthesis/../../DE2_115_SOPC.sopcinfo                                                      ; --            ; --                                                        ; --         ;
; SYNTHESIS_ONLY_QIP                  ; On                                                                                                      ; --            ; --                                                        ; --         ;
+-------------------------------------+---------------------------------------------------------------------------------------------------------+---------------+-----------------------------------------------------------+------------+


+-------------------------------------------------------------------------------------------------------------------------------+
; Flow Elapsed Time                                                                                                             ;
+---------------------------+--------------+-------------------------+---------------------+------------------------------------+
; Module Name               ; Elapsed Time ; Average Processors Used ; Peak Virtual Memory ; Total CPU Time (on all processors) ;
+---------------------------+--------------+-------------------------+---------------------+------------------------------------+
; Analysis & Synthesis      ; 00:03:23     ; 1.0                     ; 1292 MB             ; 00:03:12                           ;
; Fitter                    ; 00:04:59     ; 1.4                     ; 1874 MB             ; 00:06:20                           ;
; Assembler                 ; 00:00:08     ; 1.0                     ; 651 MB              ; 00:00:07                           ;
; TimeQuest Timing Analyzer ; 00:00:28     ; 1.3                     ; 1071 MB             ; 00:00:31                           ;
; Total                     ; 00:08:58     ; --                      ; --                  ; 00:10:10                           ;
+---------------------------+--------------+-------------------------+---------------------+------------------------------------+


+----------------------------------------------------------------------------------------+
; Flow OS Summary                                                                        ;
+---------------------------+------------------+-----------+------------+----------------+
; Module Name               ; Machine Hostname ; OS Name   ; OS Version ; Processor type ;
+---------------------------+------------------+-----------+------------+----------------+
; Analysis & Synthesis      ; ertl-PC          ; Windows 7 ; 6.2        ; x86_64         ;
; Fitter                    ; ertl-PC          ; Windows 7 ; 6.2        ; x86_64         ;
; Assembler                 ; ertl-PC          ; Windows 7 ; 6.2        ; x86_64         ;
; TimeQuest Timing Analyzer ; ertl-PC          ; Windows 7 ; 6.2        ; x86_64         ;
+---------------------------+------------------+-----------+------------+----------------+


------------
; Flow Log ;
------------
quartus_map --read_settings_files=on --write_settings_files=off DE2_115_NIOS_DEVICE_LED -c DE2_115_NIOS_DEVICE_LED
quartus_fit --read_settings_files=off --write_settings_files=off DE2_115_NIOS_DEVICE_LED -c DE2_115_NIOS_DEVICE_LED
quartus_asm --read_settings_files=off --write_settings_files=off DE2_115_NIOS_DEVICE_LED -c DE2_115_NIOS_DEVICE_LED
quartus_sta DE2_115_NIOS_DEVICE_LED -c DE2_115_NIOS_DEVICE_LED



